0 info it worked if it ends with ok
1 verbose cli [ '/home/andrew/.nvm/versions/node/v6.0.0/bin/node',
1 verbose cli   '/home/andrew/.nvm/versions/node/v6.0.0/bin/npm',
1 verbose cli   'version',
1 verbose cli   'patch' ]
2 info using npm@3.8.6
3 info using node@v6.0.0
4 info git [ 'status', '--porcelain' ]
5 verbose stack Error: Git working directory not clean.
5 verbose stack M android/src/main/java/me/broose/LightSensorModule.java
5 verbose stack D android/src/main/java/me/broose/Package.java
5 verbose stack M android/src/main/java/me/broose/PlayerModule.java
5 verbose stack M android/src/main/java/me/broose/ToastModule.java
5 verbose stack M package.json
5 verbose stack     at /home/andrew/.nvm/versions/node/v6.0.0/lib/node_modules/npm/lib/version.js:246:19
5 verbose stack     at ChildProcess.exithandler (child_process.js:193:7)
5 verbose stack     at emitTwo (events.js:106:13)
5 verbose stack     at ChildProcess.emit (events.js:191:7)
5 verbose stack     at maybeClose (internal/child_process.js:850:16)
5 verbose stack     at Socket.<anonymous> (internal/child_process.js:323:11)
5 verbose stack     at emitOne (events.js:96:13)
5 verbose stack     at Socket.emit (events.js:188:7)
5 verbose stack     at Pipe._handle.close [as _onclose] (net.js:485:12)
6 verbose cwd /home/andrew/mobile/rn/broose_react-native-experiments
7 error Linux 4.4.0-62-generic
8 error argv "/home/andrew/.nvm/versions/node/v6.0.0/bin/node" "/home/andrew/.nvm/versions/node/v6.0.0/bin/npm" "version" "patch"
9 error node v6.0.0
10 error npm  v3.8.6
11 error Git working directory not clean.
11 error M android/src/main/java/me/broose/LightSensorModule.java
11 error D android/src/main/java/me/broose/Package.java
11 error M android/src/main/java/me/broose/PlayerModule.java
11 error M android/src/main/java/me/broose/ToastModule.java
11 error M package.json
12 error If you need help, you may report this error at:
12 error     <https://github.com/npm/npm/issues>
13 verbose exit [ 1, true ]
